Code/HelloOpenGLES10/app/build/outputs/apk/manifest-merger-debug-report.txt
-- Merging decision tree log ---
manifest
ADDED from AndroidManifest.xml:17:1
	package
		ADDED from AndroidManifest.xml:19:5
		INJECTED from AndroidManifest.xml:0:0
		INJECTED from AndroidManifest.xml:0:0
	android:versionName
		ADDED from AndroidManifest.xml:21:5
	android:versionCode
		ADDED from AndroidManifest.xml:20:5
		INJECTED from AndroidManifest.xml:0:0
		INJECTED from AndroidManifest.xml:0:0
	xmlns:android
		ADDED from AndroidManifest.xml:18:5
uses-sdk
ADDED from AndroidManifest.xml:23:5
	android:targetSdkVersion
		ADDED from AndroidManifest.xml:25:13
		INJECTED from AndroidManifest.xml:0:0
		INJECTED from AndroidManifest.xml:0:0
	android:minSdkVersion
		ADDED from AndroidManifest.xml:24:13
		INJECTED from AndroidManifest.xml:0:0
		INJECTED from AndroidManifest.xml:0:0
uses-feature#0x00010000
ADDED from AndroidManifest.xml:28:5
	android:glEsVersion
		ADDED from AndroidManifest.xml:28:19
application
ADDED from AndroidManifest.xml:30:5
	android:label
		ADDED from AndroidManifest.xml:32:13
	android:allowBackup
		ADDED from AndroidManifest.xml:33:13
	android:icon
		ADDED from AndroidManifest.xml:31:13
activity#com.example.android.opengl.OpenGLES10Activity
ADDED from AndroidManifest.xml:34:9
	android:label
		ADDED from AndroidManifest.xml:36:17
	android:name
		ADDED from AndroidManifest.xml:35:17
intent-filter#android.intent.action.MAIN+android.intent.category.LAUNCHER
ADDED from AndroidManifest.xml:37:13
action#android.intent.action.MAIN
ADDED from AndroidManifest.xml:38:17
	android:name
		ADDED from AndroidManifest.xml:38:25
category#android.intent.category.LAUNCHER
ADDED from AndroidManifest.xml:39:17
	android:name
		ADDED from AndroidManifest.xml:39:27